<?xml version="1.0" encoding="UTF-8"?>
<testsuite xmlns:xsi="http://www.w3.org/2001/XMLSchema-instance" xsi:noNamespaceSchemaLocation="https://maven.apache.org/surefire/maven-surefire-plugin/xsd/surefire-test-report-3.0.xsd" version="3.0" name="sn.ugb.SignatureTest" time="6.575" tests="6" errors="0" skipped="0" failures="0">
  <properties>
[...]
</properties>
  <testcase name="testSignatureValide" classname="sn.ugb.SignatureTest" time="3.719">
    <system-out><![CDATA[05:43:38 [INFO] s.u.s.SignatureService - === Début signature PAdES ===
05:43:38 [INFO] s.u.s.SignatureService - Document chargé : C:\temp\contrat.pdf
05:43:39 [INFO] s.u.s.SignatureService - Clé chargée pour : EMAILADDRESS=abdou@ugb.edu.sn, CN=Abdou Fatim DIOP, O=UGB Saint-Louis, C=SN
05:43:41 [WARN] e.e.e.d.CertificateReorderer - Issuer not found for certificate C-404154FAF8CB0C7F69987DFCF9BF9C66544579CBFD0CA1DFC42CB897C45F9338
05:43:41 [INFO] s.u.s.SignatureService - Phase 1 OK : hash calculé
05:43:41 [INFO] s.u.s.SignatureService - Phase 2 OK : signature calculée
05:43:41 [WARN] e.e.e.d.CertificateReorderer - Issuer not found for certificate C-404154FAF8CB0C7F69987DFCF9BF9C66544579CBFD0CA1DFC42CB897C45F9338
05:43:41 [INFO] s.u.s.SignatureService - === PDF signé : C:\temp\contrat_signe.pdf ===
05:43:41 [INFO] s.u.s.VerificationService - === Début vérification ===
05:43:41 [WARN] e.e.e.d.v.SignatureValidationContext - No revocation found for the certificate C-404154FAF8CB0C7F69987DFCF9BF9C66544579CBFD0CA1DFC42CB897C45F9338
05:43:41 [WARN] e.e.e.d.v.SignatureValidationContext - No revocation found for the certificate C-33D570D5AB66C2983636F7EF32E5076589C0D55BFA5508C630B20A40C87875F9
05:43:42 [INFO] s.u.s.VerificationService - Signataire : Abdou Fatim DIOP
05:43:42 [INFO] s.u.s.VerificationService - Indication : INDETERMINATE
05:43:42 [INFO] s.u.s.VerificationService - Niveau     : PAdES-BASELINE-B
05:43:42 [INFO] s.u.s.VerificationService - ? INDETERMINATE — signature cryptographiquement valide, chaîne non qualifiée eIDAS (PKI de test — normal pour un mémoire)
✓ T05 PASSÉ — Signature valide détectée
]]></system-out>
  </testcase>
  <testcase name="testFalsification1Bit" classname="sn.ugb.SignatureTest" time="0.595">
    <system-out><![CDATA[05:43:42 [INFO] s.u.s.SignatureService - === Début signature PAdES ===
05:43:42 [INFO] s.u.s.SignatureService - Document chargé : C:\temp\contrat.pdf
05:43:42 [INFO] s.u.s.SignatureService - Clé chargée pour : EMAILADDRESS=abdou@ugb.edu.sn, CN=Abdou Fatim DIOP, O=UGB Saint-Louis, C=SN
05:43:42 [WARN] e.e.e.d.CertificateReorderer - Issuer not found for certificate C-404154FAF8CB0C7F69987DFCF9BF9C66544579CBFD0CA1DFC42CB897C45F9338
05:43:42 [INFO] s.u.s.SignatureService - Phase 1 OK : hash calculé
05:43:42 [INFO] s.u.s.SignatureService - Phase 2 OK : signature calculée
05:43:42 [WARN] e.e.e.d.CertificateReorderer - Issuer not found for certificate C-404154FAF8CB0C7F69987DFCF9BF9C66544579CBFD0CA1DFC42CB897C45F9338
05:43:42 [INFO] s.u.s.SignatureService - === PDF signé : C:\temp\contrat_signe.pdf ===
05:43:42 [INFO] s.u.s.VerificationService - === Début vérification ===
05:43:42 [WARN] e.e.e.d.s.x.SignatureIntegrityValidator - Determining signing certificate from certificate candidates list failed: [Best candidate validation failed : Unable to validate CMS Signature : message-digest attribute value does not match calculated value]
05:43:42 [WARN] e.e.e.d.v.SignatureValidationContext - No revocation found for the certificate C-404154FAF8CB0C7F69987DFCF9BF9C66544579CBFD0CA1DFC42CB897C45F9338
05:43:42 [WARN] e.e.e.d.v.SignatureValidationContext - No revocation found for the certificate C-33D570D5AB66C2983636F7EF32E5076589C0D55BFA5508C630B20A40C87875F9
05:43:43 [INFO] s.u.s.VerificationService - Signataire : Abdou Fatim DIOP
05:43:43 [INFO] s.u.s.VerificationService - Indication : TOTAL_FAILED
05:43:43 [INFO] s.u.s.VerificationService - Niveau     : PAdES-BASELINE-B
05:43:43 [WARN] s.u.s.VerificationService - ? SIGNATURE INVALIDE : TOTAL_FAILED
05:43:43 [WARN] s.u.s.VerificationService - Erreurs : [eu.europa.esig.dss.jaxb.object.Message@a47d548, eu.europa.esig.dss.jaxb.object.Message@2f8980d7, eu.europa.esig.dss.jaxb.object.Message@3b002add]
✓ T01 PASSÉ — Falsification 1 bit détectée
]]></system-out>
  </testcase>
  <testcase name="testFalsification1Octet" classname="sn.ugb.SignatureTest" time="0.728">
    <system-out><![CDATA[05:43:43 [INFO] s.u.s.SignatureService - === Début signature PAdES ===
05:43:43 [INFO] s.u.s.SignatureService - Document chargé : C:\temp\contrat.pdf
05:43:43 [INFO] s.u.s.SignatureService - Clé chargée pour : EMAILADDRESS=abdou@ugb.edu.sn, CN=Abdou Fatim DIOP, O=UGB Saint-Louis, C=SN
05:43:43 [WARN] e.e.e.d.CertificateReorderer - Issuer not found for certificate C-404154FAF8CB0C7F69987DFCF9BF9C66544579CBFD0CA1DFC42CB897C45F9338
05:43:43 [INFO] s.u.s.SignatureService - Phase 1 OK : hash calculé
05:43:43 [INFO] s.u.s.SignatureService - Phase 2 OK : signature calculée
05:43:43 [WARN] e.e.e.d.CertificateReorderer - Issuer not found for certificate C-404154FAF8CB0C7F69987DFCF9BF9C66544579CBFD0CA1DFC42CB897C45F9338
05:43:43 [INFO] s.u.s.SignatureService - === PDF signé : C:\temp\contrat_signe.pdf ===
05:43:43 [INFO] s.u.s.VerificationService - === Début vérification ===
05:43:43 [WARN] e.e.e.d.s.x.SignatureIntegrityValidator - Determining signing certificate from certificate candidates list failed: [Best candidate validation failed : Unable to validate CMS Signature : message-digest attribute value does not match calculated value]
05:43:43 [WARN] e.e.e.d.v.SignatureValidationContext - No revocation found for the certificate C-404154FAF8CB0C7F69987DFCF9BF9C66544579CBFD0CA1DFC42CB897C45F9338
05:43:43 [WARN] e.e.e.d.v.SignatureValidationContext - No revocation found for the certificate C-33D570D5AB66C2983636F7EF32E5076589C0D55BFA5508C630B20A40C87875F9
05:43:43 [INFO] s.u.s.VerificationService - Signataire : Abdou Fatim DIOP
05:43:43 [INFO] s.u.s.VerificationService - Indication : TOTAL_FAILED
05:43:43 [INFO] s.u.s.VerificationService - Niveau     : PAdES-BASELINE-B
05:43:43 [WARN] s.u.s.VerificationService - ? SIGNATURE INVALIDE : TOTAL_FAILED
05:43:43 [WARN] s.u.s.VerificationService - Erreurs : [eu.europa.esig.dss.jaxb.object.Message@a47d548, eu.europa.esig.dss.jaxb.object.Message@2f8980d7, eu.europa.esig.dss.jaxb.object.Message@3b002add]
✓ T02 PASSÉ — Falsification 1 octet détectée
]]></system-out>
  </testcase>
  <testcase name="testCertificatRevoqueDetecte" classname="sn.ugb.SignatureTest" time="0.468">
    <system-out><![CDATA[05:43:43 [INFO] s.u.s.SignatureService - === Début signature PAdES ===
05:43:43 [INFO] s.u.s.SignatureService - Document chargé : C:\temp\contrat.pdf
05:43:43 [INFO] s.u.s.SignatureService - Clé chargée pour : CN=Eve Revoquee, O=UGB, C=SN
05:43:43 [WARN] e.e.e.d.CertificateReorderer - Issuer not found for certificate C-404154FAF8CB0C7F69987DFCF9BF9C66544579CBFD0CA1DFC42CB897C45F9338
05:43:43 [INFO] s.u.s.SignatureService - Phase 1 OK : hash calculé
05:43:43 [INFO] s.u.s.SignatureService - Phase 2 OK : signature calculée
05:43:43 [WARN] e.e.e.d.CertificateReorderer - Issuer not found for certificate C-404154FAF8CB0C7F69987DFCF9BF9C66544579CBFD0CA1DFC42CB897C45F9338
05:43:43 [INFO] s.u.s.SignatureService - === PDF signé : C:\temp\contrat_signe_eve.pdf ===
05:43:43 [INFO] s.u.s.VerificationService - === Vérification STRICTE ===
05:43:44 [WARN] e.e.e.d.v.SignatureValidationContext - No revocation found for the certificate C-060029CAF196BABC4F52CD1C61266FB8FA88A1BFC5391B73C1E1E30A4379CA01
05:43:44 [WARN] e.e.e.d.v.SignatureValidationContext - No revocation found for the certificate C-404154FAF8CB0C7F69987DFCF9BF9C66544579CBFD0CA1DFC42CB897C45F9338
05:43:44 [INFO] s.u.s.VerificationService - Strict — Indication : INDETERMINATE
05:43:44 [WARN] s.u.s.VerificationService - ? STRICT : INDETERMINATE — rejeté
✓ T03 PASSÉ — Certificat révoqué détecté
]]></system-out>
  </testcase>
  <testcase name="testCertificatExpire" classname="sn.ugb.SignatureTest" time="0.012">
    <system-out><![CDATA[05:43:44 [INFO] s.u.s.VerificationService - === Début vérification ===
05:43:44 [ERROR] s.u.s.VerificationService - Erreur vérification : Unable to create FileDocument for File with name 'contrat_signe_expire.pdf'
eu.europa.esig.dss.model.DSSException: Unable to create FileDocument for File with name 'contrat_signe_expire.pdf'
	at eu.europa.esig.dss.model.FileDocument.<init>(FileDocument.java:67)
	at sn.ugb.service.VerificationService.verifyDocument(VerificationService.java:31)
	at sn.ugb.SignatureTest.testCertificatExpire(SignatureTest.java:218)
	at java.base/jdk.internal.reflect.NativeMethodAccessorImpl.invoke0(Native Method)
	at java.base/jdk.internal.reflect.NativeMethodAccessorImpl.invoke(NativeMethodAccessorImpl.java:77)
	at java.base/jdk.internal.reflect.DelegatingMethodAccessorImpl.invoke(DelegatingMethodAccessorImpl.java:43)
	at java.base/java.lang.reflect.Method.invoke(Method.java:569)
	at org.junit.platform.commons.util.ReflectionUtils.invokeMethod(ReflectionUtils.java:728)
	at org.junit.jupiter.engine.execution.MethodInvocation.proceed(MethodInvocation.java:60)
	at org.junit.jupiter.engine.execution.InvocationInterceptorChain$ValidatingInvocation.proceed(InvocationInterceptorChain.java:131)
	at org.junit.jupiter.engine.extension.TimeoutExtension.intercept(TimeoutExtension.java:156)
	at org.junit.jupiter.engine.extension.TimeoutExtension.interceptTestableMethod(TimeoutExtension.java:147)
	at org.junit.jupiter.engine.extension.TimeoutExtension.interceptTestMethod(TimeoutExtension.java:86)
	at org.junit.jupiter.engine.execution.InterceptingExecutableInvoker$ReflectiveInterceptorCall.lambda$ofVoidMethod$0(InterceptingExecutableInvoker.java:103)
	at org.junit.jupiter.engine.execution.InterceptingExecutableInvoker.lambda$invoke$0(InterceptingExecutableInvoker.java:93)
	at org.junit.jupiter.engine.execution.InvocationInterceptorChain$InterceptedInvocation.proceed(InvocationInterceptorChain.java:106)
	at org.junit.jupiter.engine.execution.InvocationInterceptorChain.proceed(InvocationInterceptorChain.java:64)
	at org.junit.jupiter.engine.execution.InvocationInterceptorChain.chainAndInvoke(InvocationInterceptorChain.java:45)
	at org.junit.jupiter.engine.execution.InvocationInterceptorChain.invoke(InvocationInterceptorChain.java:37)
	at org.junit.jupiter.engine.execution.InterceptingExecutableInvoker.invoke(InterceptingExecutableInvoker.java:92)
	at org.junit.jupiter.engine.execution.InterceptingExecutableInvoker.invoke(InterceptingExecutableInvoker.java:86)
	at org.junit.jupiter.engine.descriptor.TestMethodTestDescriptor.lambda$invokeTestMethod$7(TestMethodTestDescriptor.java:218)
	at org.junit.platform.engine.support.hierarchical.ThrowableCollector.execute(ThrowableCollector.java:73)
	at org.junit.jupiter.engine.descriptor.TestMethodTestDescriptor.invokeTestMethod(TestMethodTestDescriptor.java:214)
	at org.junit.jupiter.engine.descriptor.TestMethodTestDescriptor.execute(TestMethodTestDescriptor.java:139)
	at org.junit.jupiter.engine.descriptor.TestMethodTestDescriptor.execute(TestMethodTestDescriptor.java:69)
	at org.junit.platform.engine.support.hierarchical.NodeTestTask.lambda$executeRecursively$6(NodeTestTask.java:151)
	at org.junit.platform.engine.support.hierarchical.ThrowableCollector.execute(ThrowableCollector.java:73)
	at org.junit.platform.engine.support.hierarchical.NodeTestTask.lambda$executeRecursively$8(NodeTestTask.java:141)
	at org.junit.platform.engine.support.hierarchical.Node.around(Node.java:137)
	at org.junit.platform.engine.support.hierarchical.NodeTestTask.lambda$executeRecursively$9(NodeTestTask.java:139)
	at org.junit.platform.engine.support.hierarchical.ThrowableCollector.execute(ThrowableCollector.java:73)
	at org.junit.platform.engine.support.hierarchical.NodeTestTask.executeRecursively(NodeTestTask.java:138)
	at org.junit.platform.engine.support.hierarchical.NodeTestTask.execute(NodeTestTask.java:95)
	at java.base/java.util.ArrayList.forEach(ArrayList.java:1511)
	at org.junit.platform.engine.support.hierarchical.SameThreadHierarchicalTestExecutorService.invokeAll(SameThreadHierarchicalTestExecutorService.java:41)
	at org.junit.platform.engine.support.hierarchical.NodeTestTask.lambda$executeRecursively$6(NodeTestTask.java:155)
	at org.junit.platform.engine.support.hierarchical.ThrowableCollector.execute(ThrowableCollector.java:73)
	at org.junit.platform.engine.support.hierarchical.NodeTestTask.lambda$executeRecursively$8(NodeTestTask.java:141)
	at org.junit.platform.engine.support.hierarchical.Node.around(Node.java:137)
	at org.junit.platform.engine.support.hierarchical.NodeTestTask.lambda$executeRecursively$9(NodeTestTask.java:139)
	at org.junit.platform.engine.support.hierarchical.ThrowableCollector.execute(ThrowableCollector.java:73)
	at org.junit.platform.engine.support.hierarchical.NodeTestTask.executeRecursively(NodeTestTask.java:138)
	at org.junit.platform.engine.support.hierarchical.NodeTestTask.execute(NodeTestTask.java:95)
	at java.base/java.util.ArrayList.forEach(ArrayList.java:1511)
	at org.junit.platform.engine.support.hierarchical.SameThreadHierarchicalTestExecutorService.invokeAll(SameThreadHierarchicalTestExecutorService.java:41)
	at org.junit.platform.engine.support.hierarchical.NodeTestTask.lambda$executeRecursively$6(NodeTestTask.java:155)
	at org.junit.platform.engine.support.hierarchical.ThrowableCollector.execute(ThrowableCollector.java:73)
	at org.junit.platform.engine.support.hierarchical.NodeTestTask.lambda$executeRecursively$8(NodeTestTask.java:141)
	at org.junit.platform.engine.support.hierarchical.Node.around(Node.java:137)
	at org.junit.platform.engine.support.hierarchical.NodeTestTask.lambda$executeRecursively$9(NodeTestTask.java:139)
	at org.junit.platform.engine.support.hierarchical.ThrowableCollector.execute(ThrowableCollector.java:73)
	at org.junit.platform.engine.support.hierarchical.NodeTestTask.executeRecursively(NodeTestTask.java:138)
	at org.junit.platform.engine.support.hierarchical.NodeTestTask.execute(NodeTestTask.java:95)
	at org.junit.platform.engine.support.hierarchical.SameThreadHierarchicalTestExecutorService.submit(SameThreadHierarchicalTestExecutorService.java:35)
	at org.junit.platform.engine.support.hierarchical.HierarchicalTestExecutor.execute(HierarchicalTestExecutor.java:57)
	at org.junit.platform.engine.support.hierarchical.HierarchicalTestEngine.execute(HierarchicalTestEngine.java:54)
	at org.junit.platform.launcher.core.EngineExecutionOrchestrator.execute(EngineExecutionOrchestrator.java:198)
	at org.junit.platform.launcher.core.EngineExecutionOrchestrator.execute(EngineExecutionOrchestrator.java:169)
	at org.junit.platform.launcher.core.EngineExecutionOrchestrator.execute(EngineExecutionOrchestrator.java:93)
	at org.junit.platform.launcher.core.EngineExecutionOrchestrator.lambda$execute$0(EngineExecutionOrchestrator.java:58)
	at org.junit.platform.launcher.core.EngineExecutionOrchestrator.withInterceptedStreams(EngineExecutionOrchestrator.java:141)
	at org.junit.platform.launcher.core.EngineExecutionOrchestrator.execute(EngineExecutionOrchestrator.java:57)
	at org.junit.platform.launcher.core.DefaultLauncher.execute(DefaultLauncher.java:103)
	at org.junit.platform.launcher.core.DefaultLauncher.execute(DefaultLauncher.java:85)
	at org.junit.platform.launcher.core.DelegatingLauncher.execute(DelegatingLauncher.java:47)
	at org.apache.maven.surefire.junitplatform.LazyLauncher.execute(LazyLauncher.java:56)
	at org.apache.maven.surefire.junitplatform.JUnitPlatformProvider.execute(JUnitPlatformProvider.java:184)
	at org.apache.maven.surefire.junitplatform.JUnitPlatformProvider.invokeAllTests(JUnitPlatformProvider.java:148)
	at org.apache.maven.surefire.junitplatform.JUnitPlatformProvider.invoke(JUnitPlatformProvider.java:122)
	at org.apache.maven.surefire.booter.ForkedBooter.runSuitesInProcess(ForkedBooter.java:385)
	at org.apache.maven.surefire.booter.ForkedBooter.execute(ForkedBooter.java:162)
	at org.apache.maven.surefire.booter.ForkedBooter.run(ForkedBooter.java:507)
	at org.apache.maven.surefire.booter.ForkedBooter.main(ForkedBooter.java:495)
✓ T04 PASSÉ — Certificat expiré détecté
]]></system-out>
  </testcase>
  <testcase name="testChaineDeFianceInvalide" classname="sn.ugb.SignatureTest" time="0.423">
    <system-out><![CDATA[05:43:44 [INFO] s.u.s.SignatureService - === Début signature PAdES ===
05:43:44 [INFO] s.u.s.SignatureService - Document chargé : C:\temp\contrat.pdf
05:43:44 [INFO] s.u.s.SignatureService - Clé chargée pour : EMAILADDRESS=abdou@ugb.edu.sn, CN=Abdou Fatim DIOP, O=UGB Saint-Louis, C=SN
05:43:44 [WARN] e.e.e.d.CertificateReorderer - Issuer not found for certificate C-404154FAF8CB0C7F69987DFCF9BF9C66544579CBFD0CA1DFC42CB897C45F9338
05:43:44 [INFO] s.u.s.SignatureService - Phase 1 OK : hash calculé
05:43:44 [INFO] s.u.s.SignatureService - Phase 2 OK : signature calculée
05:43:44 [WARN] e.e.e.d.CertificateReorderer - Issuer not found for certificate C-404154FAF8CB0C7F69987DFCF9BF9C66544579CBFD0CA1DFC42CB897C45F9338
05:43:44 [INFO] s.u.s.SignatureService - === PDF signé : C:\temp\contrat_signe.pdf ===
05:43:44 [INFO] s.u.s.VerificationService - === Vérification STRICTE ===
05:43:44 [WARN] e.e.e.d.v.SignatureValidationContext - Issuer not found for certificate C-404154FAF8CB0C7F69987DFCF9BF9C66544579CBFD0CA1DFC42CB897C45F9338
05:43:44 [WARN] e.e.e.d.v.SignatureValidationContext - No revocation found for the certificate C-33D570D5AB66C2983636F7EF32E5076589C0D55BFA5508C630B20A40C87875F9
05:43:44 [INFO] s.u.s.VerificationService - Strict — Indication : INDETERMINATE
05:43:44 [WARN] s.u.s.VerificationService - ? STRICT : INDETERMINATE — rejeté
✓ T06 PASSÉ — CA étrangère rejetée
]]></system-out>
  </testcase>
</testsuite>